Arguments: 
  C:\Program Files\nodejs\node.exe C:\Users\Olamileke\AppData\Roaming\npm\node_modules\yarn\bin\yarn.js --ignore-engines

PATH: 
  C:\Users\Olamileke\bin;C:\Program Files\Git\mingw64\bin;C:\Program Files\Git\usr\local\bin;C:\Program Files\Git\usr\bin;C:\Program Files\Git\usr\bin;C:\Program Files\Git\mingw64\bin;C:\Program Files\Git\usr\bin;C:\Users\Olamileke\bin;C:\Python39\Scripts;C:\Python39;C:\Windows\system32;C:\Windows;C:\Windows\System32\Wbem;C:\Windows\System32\WindowsPowerShell\v1.0;C:\Windows\System32\OpenSSH;C:\Program Files\Git\cmd;C:\Program Files\nodejs;C:\ProgramData\chocolatey\bin;C:\php;C:\ProgramData\ComposerSetup\bin;C:\Program Files\Docker\Docker\resources\bin;C:\ProgramData\DockerDesktop\version-bin;C:\Program Files\WireGuard;C:\Users\Olamileke\AppData\Local\Programs\Python\Python36\Scripts;C:\Users\Olamileke\AppData\Local\Programs\Python\Python36;C:\Program Files\MySQL\MySQL Shell 8.0\bin;C:\Users\Olamileke\AppData\Local\Microsoft\WindowsApps;C:\Users\Olamileke\AppData\Roaming\npm;C:\Users\Olamileke\AppData\Roaming\Composer\vendor\bin;C:\Users\Olamileke\AppData\Local\Programs\Microsoft VS Code\bin;C:\Users\Olamileke\.fly\bin;C:\Program Files\Git\usr\bin\vendor_perl;C:\Program Files\Git\usr\bin\core_perl

Yarn version: 
  1.22.11

Node version: 
  14.17.5

Platform: 
  win32 x64

Trace: 
  Error: https://registry.yarnpkg.com/react-icons/-/react-icons-4.7.1.tgz: ESOCKETTIMEDOUT
      at ClientRequest.<anonymous> (C:\Users\Olamileke\AppData\Roaming\npm\node_modules\yarn\lib\cli.js:141390:19)
      at Object.onceWrapper (events.js:519:28)
      at ClientRequest.emit (events.js:400:28)
      at TLSSocket.emitRequestTimeout (_http_client.js:790:9)
      at Object.onceWrapper (events.js:519:28)
      at TLSSocket.emit (events.js:412:35)
      at TLSSocket.Socket._onTimeout (net.js:484:8)
      at listOnTimeout (internal/timers.js:557:17)
      at processTimers (internal/timers.js:500:7)

npm manifest: 
  {
    "name": "orion",
    "version": "0.1.0",
    "private": true,
    "scripts": {
      "dev": "next dev -p 3002",
      "build": "next build",
      "start": "next start",
      "lint": "next lint"
    },
    "dependencies": {
      "@chakra-ui/react": "^1.6.7",
      "@emotion/react": "^11",
      "@emotion/styled": "^11",
      "framer-motion": "^6",
      "next": "12.2.4",
      "react": "18.2.0",
      "react-dom": "18.2.0",
      "react-icons": "^4.4.0"
    },
    "devDependencies": {
      "@types/node": "18.7.0",
      "@types/react": "18.0.17",
      "@types/react-dom": "18.0.6",
      "eslint": "8.21.0",
      "eslint-config-next": "12.2.4",
      "typescript": "4.7.4"
    }
  }

yarn manifest: 
  No manifest

Lockfile: 
  No lockfile
